<?xml version="1.0" encoding="UTF-8"?>
<!-- Generated by org.testng.reporters.JUnitXMLReporter -->
<testsuite hostname="swapnil-PC" ignored="3" name="Test" tests="1" failures="0" timestamp="31 Oct 2019 06:42:45 GMT" time="0.046" errors="0">
  <testcase name="sum" time="0.015" classname="tests.FirstDemo"/>
  <testcase name="div" time="0.0" classname="tests.FirstDemo">
    <ignored/>
  </testcase> <!-- div -->
  <testcase name="sub" time="0.0" classname="tests.FirstDemo">
    <ignored/>
  </testcase> <!-- sub -->
  <testcase name="mul" time="0.0" classname="tests.FirstDemo">
    <ignored/>
  </testcase> <!-- mul -->
</testsuite> <!-- Test -->
