<?xml version="1.0" encoding="UTF-8"?>
<testsuite xmlns:xsi="http://www.w3.org/2001/XMLSchema-instance" xsi:noNamespaceSchemaLocation="https://maven.apache.org/surefire/maven-surefire-plugin/xsd/surefire-test-report-3.0.xsd" version="3.0" name="TestSuite" time="5.509" tests="1" errors="0" skipped="0" failures="1">
  <properties>
[...]
</properties>
  <testcase name="sum" classname="tests.FirstDemo" time="0.032">
    <failure message="expected [30] but found [40]" type="java.lang.AssertionError">java.lang.AssertionError: expected [30] but found [40]
	at tests.FirstDemo.sum(FirstDemo.java:19)
</failure>
    <system-out><![CDATA[SUM
FirstDemo
]]></system-out>
  </testcase>
</testsuite>