<?xml version="1.0" encoding="UTF-8"?>
<!-- Generated by org.testng.reporters.JUnitXMLReporter -->
<testsuite hostname="swapnil-PC" ignored="2" name="Default test(failed)" tests="2" failures="0" timestamp="31 Oct 2019 09:49:26 GMT" time="0.047" errors="0">
  <testcase name="sum" time="0.015" classname="tests.FirstDemo"/>
  <testcase name="sub" time="0.0" classname="tests.FirstDemo"/>
  <testcase name="div" time="0.0" classname="tests.FirstDemo">
    <ignored/>
  </testcase> <!-- div -->
  <testcase name="mul" time="0.0" classname="tests.FirstDemo">
    <ignored/>
  </testcase> <!-- mul -->
</testsuite> <!-- Default test(failed) -->
